expression_evaluator.ts(1,1): error TS1434: Unexpected keyword or identifier.
expression_evaluator.ts(1,3): error TS1434: Unexpected keyword or identifier.
expression_evaluator.ts(1,28): error TS1005: ';' expected.
expression_evaluator.ts(2,1): error TS1127: Invalid character.
expression_evaluator.ts(2,3): error TS1005: ';' expected.
expression_evaluator.ts(2,14): error TS1005: ';' expected.
expression_evaluator.ts(2,16): error TS1434: Unexpected keyword or identifier.
expression_evaluator.ts(2,35): error TS1005: ';' expected.
expression_evaluator.ts(2,74): error TS1002: Unterminated string literal.
expression_evaluator.ts(4,14): error TS1005: ';' expected.
expression_evaluator.ts(6,1): error TS1434: Unexpected keyword or identifier.
expression_evaluator.ts(6,18): error TS1109: Expression expected.
