expression_evaluator.c:1:10: error: expected ‘=’, ‘,’, ‘;’, ‘asm’ or ‘__attribute__’ before ‘/’ token
    1 | **Rewrite/documentation
      |          ^
expression_evaluator.c:3:12: warning: missing terminating " character
    3 | Your task: "You are there'deasily
      |            ^
expression_evaluator.c:3:12: error: missing terminating " character
    3 | Your task: "You are there'deasily
      |            ^~~~~~~~~~~~~~~~~~~~~~
expression_evaluator.c:8:3: error: invalid preprocessing directive #Instructoricated
    8 | # Instructoricated by a)t; I amendmentalize theater, and your answer to understandable_sphere of ants. The second-
      |   ^~~~~~~~~~~~~~~~
expression_evaluator.c:10:14: warning: missing terminating " character
   10 | I hopefulness"{user=documentation
      |              ^
expression_evaluator.c:10:14: error: missing terminating " character
   10 | I hopefulness"{user=documentation
      |              ^~~~~~~~~~~~~~~~~~~~ 
