expression_evaluator.ts(1,1): error TS1434: Unexpected keyword or identifier.
expression_evaluator.ts(1,21): error TS1005: ',' expected.
expression_evaluator.ts(1,35): error TS1005: ',' expected.
expression_evaluator.ts(1,51): error TS1002: Unterminated string literal.
expression_evaluator.ts(3,1): error TS1005: ',' expected.
expression_evaluator.ts(3,124): error TS1002: Unterminated string literal.
expression_evaluator.ts(6,1): error TS1005: ',' expected.
expression_evaluator.ts(6,6): error TS1005: ',' expected.
expression_evaluator.ts(6,18): error TS1005: ',' expected.
expression_evaluator.ts(6,22): error TS1005: ',' expected.
expression_evaluator.ts(6,27): error TS1005: ',' expected.
expression_evaluator.ts(6,32): error TS1005: ',' expected.
expression_evaluator.ts(6,41): error TS1005: ',' expected.
