expression_evaluator.c:1:14: error: expected ‘=’, ‘,’, ‘;’, ‘asm’ or ‘__attribute__’ before ‘:’ token
    1 | **Constraints:
      |              ^
expression_evaluator.c:5:1: error: stray ‘##’ in program
    5 | ### Answer
      | ^~
expression_evaluator.c:5:3: error: stray ‘#’ in program
    5 | ### Answer
      |   ^
