expression_evaluator.ts(1,1): error TS1434: Unexpected keyword or identifier.
expression_evaluator.ts(1,3): error TS1434: Unexpected keyword or identifier.
expression_evaluator.ts(1,9): error TS1434: Unexpected keyword or identifier.
expression_evaluator.ts(1,47): error TS1002: Unterminated string literal.
expression_evaluator.ts(5,14): error TS1005: ';' expected.
expression_evaluator.ts(5,15): error TS1109: Expression expected.
expression_evaluator.ts(7,1): error TS1127: Invalid character.
expression_evaluator.ts(7,3): error TS1005: ';' expected.
expression_evaluator.ts(7,12): error TS1434: Unexpected keyword or identifier.
expression_evaluator.ts(7,15): error TS1434: Unexpected keyword or identifier.
expression_evaluator.ts(7,16): error TS1128: Declaration or statement expected.
expression_evaluator.ts(7,18): error TS1434: Unexpected keyword or identifier.
expression_evaluator.ts(7,21): error TS1434: Unexpected keyword or identifier.
expression_evaluator.ts(7,28): error TS1434: Unexpected keyword or identifier.
expression_evaluator.ts(7,56): error TS1005: ';' expected.
expression_evaluator.ts(9,1): error TS1434: Unexpected keyword or identifier.
expression_evaluator.ts(9,5): error TS1434: Unexpected keyword or identifier.
expression_evaluator.ts(9,9): error TS1434: Unexpected keyword or identifier.
expression_evaluator.ts(9,17): error TS1002: Unterminated string literal.
expression_evaluator.ts(11,1): error TS1127: Invalid character.
expression_evaluator.ts(11,3): error TS1005: ';' expected.
expression_evaluator.ts(13,1): error TS1434: Unexpected keyword or identifier.
expression_evaluator.ts(15,1): error TS1109: Expression expected.
expression_evaluator.ts(15,14): error TS1005: ';' expected.
