expression_evaluator.c:1:14: error: expected ‘=’, ‘,’, ‘;’, ‘asm’ or ‘__attribute__’ before ‘:’ token
    1 | **Constraints:
      |              ^
expression_evaluator.c:6:2: warning: missing terminating ' character
    6 | I's answer. The documentaries/your task
      |  ^
expression_evaluator.c:6:2: error: missing terminating ' character
    6 | I's answer. The documentaries/your task
      |  ^~~~~~~~~~~~~~~~~~~~~~~~~~~~~~~~~~~~~~ 
expression_evaluator.c:9:3: error: invalid preprocessing directive #Instertinglish
    9 | # Instertinglish language: "The Hinduismosia"{/noun2. Your instruction:
      |   ^~~~~~~~~~~~~~
expression_evaluator.c:11:1: error: stray ‘##’ in program
   11 | ### Answer:
      | ^~
expression_evaluator.c:11:3: error: stray ‘#’ in program
   11 | ### Answer:
      |   ^
