expression_evaluator.c:1:14: error: expected ‘=’, ‘,’, ‘;’, ‘asm’ or ‘__attribute__’ before ‘:’ token
    1 | **Constraints:
      |              ^
expression_evaluator.c:3:19: warning: missing terminating ' character
    3 | You areas, can you'dee to answer
      |                   ^
expression_evaluator.c:3:19: error: missing terminating ' character
    3 | You areas, can you'dee to answer
      |                   ^~~~~~~~~~~~~~
