expression_evaluator.c:1:4: error: expected ‘=’, ‘,’, ‘;’, ‘asm’ or ‘__attribute__’ before ‘)’ token
    1 | **A)
      |    ^
expression_evaluator.c:4:2: warning: missing terminating ' character
    4 | I's name_different-tutor You are you mustafy to ensure that:
      |  ^
expression_evaluator.c:4:2: error: missing terminating ' character
    4 | I's name_different-tutor You are you mustafy to ensure that:
      |  ^~~~~~~~~~~~~~~~~~~~~~~~~~~~~~~~~~~~~~~~~~~~~~~~~~~~~~~~~~~
expression_evaluator.c:6:3: error: invalid preprocessing directive #Codex
    6 | # Codex]
      |   ^~~~~
