expression_evaluator.c:1:10: error: expected ‘=’, ‘,’, ‘;’, ‘asm’ or ‘__attribute__’ before ‘/’ token
    1 | **Rewrite/document your answer key points to:
      |          ^
expression_evaluator.c:4:13: warning: missing terminating ' character
    4 | Your task, I'de
      |             ^
expression_evaluator.c:4:13: error: missing terminating ' character
    4 | Your task, I'de
      |             ^~~
expression_evaluator.c:9:1: error: stray ‘##’ in program
    9 | ### Instructor a)
      | ^~
expression_evaluator.c:9:3: error: stray ‘#’ in program
    9 | ### Instructor a)
      |   ^
expression_evaluator.c:11:12: error: unknown type name ‘the’
   11 | You areas; the user-Based ondaily_Craftingaustainable in Python code of all. The following documentary for deterrence and youtalk about
      |            ^~~
expression_evaluator.c:11:20: error: expected ‘=’, ‘,’, ‘;’, ‘asm’ or ‘__attribute__’ before ‘-’ token
   11 | You areas; the user-Based ondaily_Craftingaustainable in Python code of all. The following documentary for deterrence and youtalk about
      |                    ^
expression_evaluator.c:13:24: warning: missing terminating ' character
   13 | I/hobbling from text, I'involved to:
      |                        ^
expression_evaluator.c:13:24: error: missing terminating ' character
   13 | I/hobbling from text, I'involved to:
      |                        ^~~~~~~~~~~~~
expression_evaluator.c:17:17: warning: missing terminating " character
   17 | Teachingeousness"}}
      |                 ^
expression_evaluator.c:17:17: error: missing terminating " character
   17 | Teachingeousness"}}
      |                 ^~~
