expression_evaluator.ts(1,1): error TS1434: Unexpected keyword or identifier.
expression_evaluator.ts(1,3): error TS1434: Unexpected keyword or identifier.
expression_evaluator.ts(1,27): error TS1005: ';' expected.
expression_evaluator.ts(1,32): error TS1434: Unexpected keyword or identifier.
expression_evaluator.ts(1,35): error TS1434: Unexpected keyword or identifier.
expression_evaluator.ts(1,65): error TS1002: Unterminated string literal.
expression_evaluator.ts(3,14): error TS1005: ';' expected.
expression_evaluator.ts(5,1): error TS1127: Invalid character.
expression_evaluator.ts(5,3): error TS1005: ';' expected.
expression_evaluator.ts(7,1): error TS1127: Invalid character.
expression_evaluator.ts(7,2): error TS1127: Invalid character.
expression_evaluator.ts(7,3): error TS1127: Invalid character.
expression_evaluator.ts(7,5): error TS1005: ';' expected.
expression_evaluator.ts(9,6): error TS1005: ';' expected.
expression_evaluator.ts(9,11): error TS1109: Expression expected.
