expression_evaluator.ts(1,1): error TS1434: Unexpected keyword or identifier.
expression_evaluator.ts(1,14): error TS1005: ';' expected.
expression_evaluator.ts(1,20): error TS1434: Unexpected keyword or identifier.
expression_evaluator.ts(1,25): error TS1434: Unexpected keyword or identifier.
expression_evaluator.ts(1,47): error TS1005: ';' expected.
expression_evaluator.ts(5,1): error TS1127: Invalid character.
expression_evaluator.ts(5,3): error TS1005: ';' expected.
expression_evaluator.ts(5,12): error TS1434: Unexpected keyword or identifier.
expression_evaluator.ts(5,13): error TS1128: Declaration or statement expected.
expression_evaluator.ts(5,15): error TS1434: Unexpected keyword or identifier.
expression_evaluator.ts(5,18): error TS1434: Unexpected keyword or identifier.
expression_evaluator.ts(5,29): error TS1005: ';' expected.
expression_evaluator.ts(5,34): error TS1434: Unexpected keyword or identifier.
expression_evaluator.ts(5,38): error TS1434: Unexpected keyword or identifier.
expression_evaluator.ts(7,1): error TS1434: Unexpected keyword or identifier.
expression_evaluator.ts(7,5): error TS1434: Unexpected keyword or identifier.
expression_evaluator.ts(7,9): error TS1434: Unexpected keyword or identifier.
expression_evaluator.ts(7,15): error TS1228: A type predicate is only allowed in return type position for functions and methods.
expression_evaluator.ts(7,18): error TS1434: Unexpected keyword or identifier.
expression_evaluator.ts(7,38): error TS1109: Expression expected.
