expression_evaluator.c:1:14: error: expected ‘=’, ‘,’, ‘;’, ‘asm’ or ‘__attribute__’ before ‘:’ token
    1 | **Constraints:
      |              ^
expression_evaluator.c:3:39: warning: missing terminating " character
    3 | You areas, can youtics and Your task: "Ensurelyneeds to answer in a)
      |                                       ^
expression_evaluator.c:3:39: error: missing terminating " character
    3 | You areas, can youtics and Your task: "Ensurelyneeds to answer in a)
      |                                       ^~~~~~~~~~~~~~~~~~~~~~~~~~~~~~
expression_evaluator.c:6:3: error: invalid preprocessing directive #Installs
    6 | # Installs-June
      |   ^~~~~~~~
