expression_evaluator.ts(1,1): error TS1434: Unexpected keyword or identifier.
expression_evaluator.ts(1,3): error TS1434: Unexpected keyword or identifier.
expression_evaluator.ts(1,27): error TS1005: ';' expected.
expression_evaluator.ts(1,31): error TS1434: Unexpected keyword or identifier.
expression_evaluator.ts(1,76): error TS1002: Unterminated string literal.
