expression_evaluator.c:1:14: error: expected ‘=’, ‘,’, ‘;’, ‘asm’ or ‘__attribute__’ before ‘:’ token
    1 | **Constraints:
      |              ^
expression_evaluator.c:3:20: warning: missing terminating ' character
    3 | You areas, can yout's instruction
      |                    ^
expression_evaluator.c:3:20: error: missing terminating ' character
    3 | You areas, can yout's instruction
      |                    ^~~~~~~~~~~~~~
expression_evaluator.c:5:8: warning: missing terminating " character
    5 | Answer "F-
      |        ^
expression_evaluator.c:5:8: error: missing terminating " character
    5 | Answer "F-
      |        ^~~
expression_evaluator.c:9:2: error: invalid preprocessing directive #.
    9 | #.json
      |  ^
