expression_evaluator.c:1:10: error: expected ‘=’, ‘,’, ‘;’, ‘asm’ or ‘__attribute__’ before ‘:’ token
    1 | **Rewrite:
      |          ^
expression_evaluator.c:2:4: warning: missing terminating ' character
    2 | You'in"
      |    ^
expression_evaluator.c:2:4: error: missing terminating ' character
    2 | You'in"
      |    ^~~~ 
expression_evaluator.c:6:34: warning: missing terminating ' character
    6 | Your task: I amusement to answer 'Based on-
      |                                  ^
expression_evaluator.c:6:34: error: missing terminating ' character
    6 | Your task: I amusement to answer 'Based on-
      |                                  ^~~~~~~~~~
expression_evaluator.c:11:3: error: invalid preprocessing directive #Instruments
   11 | # Instruments of each timeframe. The documentary of an individual_sphere_Assistant
      |   ^~~~~~~~~~~
