expression_evaluator.ts(1,1): error TS1434: Unexpected keyword or identifier.
expression_evaluator.ts(1,3): error TS1434: Unexpected keyword or identifier.
expression_evaluator.ts(1,9): error TS1434: Unexpected keyword or identifier.
expression_evaluator.ts(1,14): error TS1434: Unexpected keyword or identifier.
expression_evaluator.ts(1,21): error TS1434: Unexpected keyword or identifier.
expression_evaluator.ts(1,24): error TS1434: Unexpected keyword or identifier.
expression_evaluator.ts(1,46): error TS1005: ';' expected.
expression_evaluator.ts(1,60): error TS1005: ';' expected.
expression_evaluator.ts(1,75): error TS1002: Unterminated string literal.
