expression_evaluator.c:1:1: error: stray ‘##’ in program
    1 | ### Q: [Your instruction: The document, you are there'in"
      | ^~
expression_evaluator.c:1:3: error: stray ‘#’ in program
    1 | ### Q: [Your instruction: The document, you are there'in"
      |   ^
expression_evaluator.c:1:6: error: expected ‘=’, ‘,’, ‘;’, ‘asm’ or ‘__attribute__’ before ‘:’ token
    1 | ### Q: [Your instruction: The document, you are there'in"
      |      ^
expression_evaluator.c:1:54: warning: missing terminating ' character
    1 | ### Q: [Your instruction: The document, you are there'in"
      |                                                      ^
expression_evaluator.c:1:54: error: missing terminating ' character
    1 | ### Q: [Your instruction: The document, you are there'in"
      |                                                      ^~~~
