expression_evaluator.c:1:14: error: expected ‘=’, ‘,’, ‘;’, ‘asm’ or ‘__attribute__’ before ‘:’ token
    1 | **Constraints:
      |              ^
expression_evaluator.c:3:19: warning: missing terminating ' character
    3 | You areas, can you'in
      |                   ^
expression_evaluator.c:3:19: error: missing terminating ' character
    3 | You areas, can you'in
      |                   ^~~
expression_evaluator.c:14:1: error: stray ‘##’ in program
   14 | ### Instructorally from textbook_d/Natural Language AI:
      | ^~
expression_evaluator.c:14:3: error: stray ‘#’ in program
   14 | ### Instructorally from textbook_d/Natural Language AI:
      |   ^
expression_evaluator.c:18:32: warning: missing terminating " character
   18 | **/endowing a) In this codeinex"
      |                                ^
expression_evaluator.c:18:32: error: missing terminating " character
   18 | **/endowing a) In this codeinex"
      |                                ^ 
expression_evaluator.c:20:3: error: invalid preprocessing directive #Answer
   20 | # Answer asparasite to beats-
      |   ^~~~~~
expression_evaluator.c:25:1: error: stray ‘##’ in program
   25 | ### Instruction:
      | ^~
expression_evaluator.c:25:3: error: stray ‘#’ in program
   25 | ### Instruction:
      |   ^
