expression_evaluator.ts(1,1): error TS1434: Unexpected keyword or identifier.
expression_evaluator.ts(1,3): error TS1434: Unexpected keyword or identifier.
expression_evaluator.ts(1,28): error TS1005: ';' expected.
expression_evaluator.ts(1,35): error TS1434: Unexpected keyword or identifier.
expression_evaluator.ts(1,56): error TS1005: ';' expected.
expression_evaluator.ts(1,60): error TS1434: Unexpected keyword or identifier.
expression_evaluator.ts(1,61): error TS1128: Declaration or statement expected.
expression_evaluator.ts(3,1): error TS1127: Invalid character.
expression_evaluator.ts(3,3): error TS1005: ';' expected.
expression_evaluator.ts(3,10): error TS1109: Expression expected.
expression_evaluator.ts(3,12): error TS1109: Expression expected.
