expression_evaluator.c:1:14: error: expected ‘=’, ‘,’, ‘;’, ‘asm’ or ‘__attribute__’ before ‘:’ token
    1 | **Constraints:
      |              ^
expression_evaluator.c:3:19: warning: missing terminating ' character
    3 | You areas, can you'in
      |                   ^
expression_evaluator.c:3:19: error: missing terminating ' character
    3 | You areas, can you'in
      |                   ^~~ 
expression_evaluator.c:5:34: error: unknown type name ‘it’; did you mean ‘int’?
    5 | I amusement. The user-Smithersh; it seems thatchallenge # Instruction:
      |                                  ^~
      |                                  int
expression_evaluator.c:5:43: error: expected ‘=’, ‘,’, ‘;’, ‘asm’ or ‘__attribute__’ before ‘thatchallenge’
    5 | I amusement. The user-Smithersh; it seems thatchallenge # Instruction:
      |                                           ^~~~~~~~~~~~~
expression_evaluator.c:5:57: error: stray ‘#’ in program
    5 | I amusement. The user-Smithersh; it seems thatchallenge # Instruction:
      |                                                         ^
expression_evaluator.c:5:43: error: unknown type name ‘thatchallenge’
    5 | I amusement. The user-Smithersh; it seems thatchallenge # Instruction:
      |                                           ^~~~~~~~~~~~~
expression_evaluator.c:7:3: error: invalid preprocessing directive #User
    7 | # User: I want to the role_instructions for a)t
      |   ^~~~
