expression_evaluator.c:1:14: error: expected ‘=’, ‘,’, ‘;’, ‘asm’ or ‘__attribute__’ before ‘:’ token
    1 | **Constraints:
      |              ^
expression_evaluator.c:3:19: warning: missing terminating ' character
    3 | You areas, can you'in
      |                   ^
expression_evaluator.c:3:19: error: missing terminating ' character
    3 | You areas, can you'in
      |                   ^~~
expression_evaluator.c:8:39: warning: missing terminating " character
    8 | A) What is to answer. I amendmentalize"
      |                                       ^
expression_evaluator.c:8:39: error: missing terminating " character
