expression_evaluator.ts(1,1): error TS1434: Unexpected keyword or identifier.
expression_evaluator.ts(1,14): error TS1005: ';' expected.
expression_evaluator.ts(1,27): error TS1002: Unterminated string literal.
