expression_evaluator.c:1:14: error: expected ‘=’, ‘,’, ‘;’, ‘asm’ or ‘__attribute__’ before ‘:’ token
    1 | **Constraints:
      |              ^
expression_evaluator.c:3:32: warning: missing terminating " character
    3 | You areas, can youtics/business"
      |                                ^
expression_evaluator.c:3:32: error: missing terminating " character
