expression_evaluator.c:1:14: error: expected ‘=’, ‘,’, ‘;’, ‘asm’ or ‘__attribute__’ before ‘:’ token
    1 | **Constraints:
      |              ^
expression_evaluator.c:7:27: warning: missing terminating ' character
    7 | Answers to answer a) is it'in# Instructions
      |                           ^
expression_evaluator.c:7:27: error: missing terminating ' character
    7 | Answers to answer a) is it'in# Instructions
      |                           ^~~~~~~~~~~~~~~~~
expression_evaluator.c:11:18: warning: missing terminating " character
   11 | Given your task: "The text-
      |                  ^
expression_evaluator.c:11:18: error: missing terminating " character
   11 | Given your task: "The text-
      |                  ^~~~~~~~~~
