expression_evaluator.c:1:1: error: stray ‘##’ in program
    1 | ### Q: [Your task: I amendmentalong with ants, and hereafterally?
      | ^~
expression_evaluator.c:1:3: error: stray ‘#’ in program
    1 | ### Q: [Your task: I amendmentalong with ants, and hereafterally?
      |   ^
expression_evaluator.c:1:6: error: expected ‘=’, ‘,’, ‘;’, ‘asm’ or ‘__attribute__’ before ‘:’ token
    1 | ### Q: [Your task: I amendmentalong with ants, and hereafterally?
      |      ^
expression_evaluator.c:2:30: warning: missing terminating ' character
    2 | You are thereffering a)t; you'in theorically importantly"snippet from_Agriculture of allerg/n. Theories of
      |                              ^
expression_evaluator.c:2:30: error: missing terminating ' character
    2 | You are thereffering a)t; you'in theorically importantly"snippet from_Agriculture of allerg/n. Theories of
      |                              ^~~~~~~~~~~~~~~~~~~~~~~~~~~~~~~~~~~~~~~~~~~~~~~~~~~~~~~~~~~~~~~~~~~~~~~~~~~~~ 
expression_evaluator.c:2:27: error: unknown type name ‘you’
    2 | You are thereffering a)t; you'in theorically importantly"snippet from_Agriculture of allerg/n. Theories of
      |                           ^~~
expression_evaluator.c:6:3: error: invalid preprocessing directive #Instruction
    6 | # Instruction:
      |   ^~~~~~~~~~~
expression_evaluator.c:8:1: error: expected ‘=’, ‘,’, ‘;’, ‘asm’ or ‘__attribute__’ before ‘I’
    8 | I want to answer
      | ^
expression_evaluator.c:8:1: error: unknown type name ‘I’
