expression_evaluator.ts(1,1): error TS1434: Unexpected keyword or identifier.
expression_evaluator.ts(1,3): error TS1434: Unexpected keyword or identifier.
expression_evaluator.ts(1,27): error TS1005: ';' expected.
expression_evaluator.ts(1,31): error TS1434: Unexpected keyword or identifier.
expression_evaluator.ts(1,51): error TS1002: Unterminated string literal.
expression_evaluator.ts(2,1): error TS1127: Invalid character.
expression_evaluator.ts(2,3): error TS1005: ';' expected.
expression_evaluator.ts(2,14): error TS1434: Unexpected keyword or identifier.
expression_evaluator.ts(2,15): error TS1128: Declaration or statement expected.
expression_evaluator.ts(4,1): error TS1109: Expression expected.
expression_evaluator.ts(4,33): error TS1005: ';' expected.
expression_evaluator.ts(4,35): error TS1005: ';' expected.
expression_evaluator.ts(4,37): error TS1434: Unexpected keyword or identifier.
expression_evaluator.ts(4,47): error TS1434: Unexpected keyword or identifier.
expression_evaluator.ts(4,51): error TS1434: Unexpected keyword or identifier.
expression_evaluator.ts(4,55): error TS1434: Unexpected keyword or identifier.
expression_evaluator.ts(4,92): error TS1005: ';' expected.
