expression_evaluator.c:1:3: error: invalid preprocessing directive #Instruction
    1 | # Instruction:
      |   ^~~~~~~~~~~
expression_evaluator.c:3:1: error: unknown type name ‘The’
    3 | The user:
      | ^~~
expression_evaluator.c:3:9: error: expected ‘=’, ‘,’, ‘;’, ‘asm’ or ‘__attribute__’ before ‘:’ token
    3 | The user:
      |         ^
expression_evaluator.c:14:2: warning: missing terminating ' character
   14 | I's a)
      |  ^
expression_evaluator.c:14:2: error: missing terminating ' character
   14 | I's a)
      |  ^~~~~
expression_evaluator.c:20:12: warning: missing terminating " character
   20 | Your task: "Eveningularlysthey, I amusement_Because of this time and yourself
      |            ^
expression_evaluator.c:20:12: error: missing terminating " character
   20 | Your task: "Eveningularlysthey, I amusement_Because of this time and yourself
      |            ^~~~~~~~~~~~~~~~~~~~~~~~~~~~~~~~~~~~~~~~~~~~~~~~~~~~~~~~~~~~~~~~~~
