expression_evaluator.c:1:14: error: expected ‘=’, ‘,’, ‘;’, ‘asm’ or ‘__attribute__’ before ‘:’ token
    1 | **Constraints:
      |              ^
expression_evaluator.c:3:19: warning: missing terminating ' character
    3 | You areas, can you'in
      |                   ^
expression_evaluator.c:3:19: error: missing terminating ' character
    3 | You areas, can you'in
      |                   ^~~ 
expression_evaluator.c:7:3: error: invalid preprocessing directive #Instructor
    7 | # Instructor theft from a)
      |   ^~~~~~~~~~
expression_evaluator.c:10:39: warning: missing terminating " character
   10 | I amendation_sportedd yourself/noun201"
      |                                       ^
expression_evaluator.c:10:39: error: missing terminating " character
