expression_evaluator.c:1:14: error: expected ‘=’, ‘,’, ‘;’, ‘asm’ or ‘__attribute__’ before ‘:’ token
    1 | **Constraints:
      |              ^
expression_evaluator.c:3:19: warning: missing terminating ' character
    3 | You areas, can you'in
      |                   ^
expression_evaluator.c:3:19: error: missing terminating ' character
    3 | You areas, can you'in
      |                   ^~~
expression_evaluator.c:6:57: warning: missing terminating " character
    6 | Instruction: I amend your assistant in an answer that-an"{User:
      |                                                         ^
expression_evaluator.c:6:57: error: missing terminating " character
    6 | Instruction: I amend your assistant in an answer that-an"{User:
      |                                                         ^~~~~~~
expression_evaluator.c:7:3: error: invalid preprocessing directive #Instructor
    7 | # Instructor more thaneans to a)
      |   ^~~~~~~~~~
