expression_evaluator.c:1:10: error: expected ‘=’, ‘,’, ‘;’, ‘asm’ or ‘__attribute__’ before ‘:’ token
    1 | **Rewrite:
      |          ^
expression_evaluator.c:2:14: warning: missing terminating ' character
    2 | You are there'deans to answer key, and your response as an assistant functionaries in the Chambersion]
      |              ^
expression_evaluator.c:2:14: error: missing terminating ' character
    2 | You are there'deans to answer key, and your response as an assistant functionaries in the Chambersion]
      |              ^~~~~~~~~~~~~~~~~~~~~~~~~~~~~~~~~~~~~~~~~~~~~~~~~~~~~~~~~~~~~~~~~~~~~~~~~~~~~~~~~~~~~~~~~
expression_evaluator.c:4:3: error: invalid preprocessing directive #Installs
    4 | # Installs a)
      |   ^~~~~~~~
expression_evaluator.c:6:19: error: empty character constant
    6 | Documentation/stay''
      |                   ^~
