expression_evaluator.ts(1,1): error TS1434: Unexpected keyword or identifier.
expression_evaluator.ts(1,3): error TS1434: Unexpected keyword or identifier.
expression_evaluator.ts(1,9): error TS1434: Unexpected keyword or identifier.
expression_evaluator.ts(1,14): error TS1434: Unexpected keyword or identifier.
expression_evaluator.ts(1,21): error TS1434: Unexpected keyword or identifier.
expression_evaluator.ts(1,32): error TS1005: ';' expected.
expression_evaluator.ts(1,36): error TS1434: Unexpected keyword or identifier.
expression_evaluator.ts(1,57): error TS1002: Unterminated string literal.
expression_evaluator.ts(5,15): error TS1005: ';' expected.
expression_evaluator.ts(5,19): error TS1434: Unexpected keyword or identifier.
expression_evaluator.ts(6,1): error TS1127: Invalid character.
expression_evaluator.ts(6,3): error TS1005: ';' expected.
expression_evaluator.ts(9,1): error TS1434: Unexpected keyword or identifier.
expression_evaluator.ts(9,15): error TS1002: Unterminated string literal.
