ExpressionEvaluator.java:83: error: not a statement
               04-15 12:34:56] [ERROR   ] Failed to evaluate expression 'a * (b - c) / d' due to unexpected token sequence or syntax error. Please check your input and try again.
                 ^
ExpressionEvaluator.java:83: error: ';' expected
               04-15 12:34:56] [ERROR   ] Failed to evaluate expression 'a * (b - c) / d' due to unexpected token sequence or syntax error. Please check your input and try again.
                    ^
ExpressionEvaluator.java:83: error: not a statement
               04-15 12:34:56] [ERROR   ] Failed to evaluate expression 'a * (b - c) / d' due to unexpected token sequence or syntax error. Please check your input and try again.
                                ^
ExpressionEvaluator.java:83: error: ';' expected
               04-15 12:34:56] [ERROR   ] Failed to evaluate expression 'a * (b - c) / d' due to unexpected token sequence or syntax error. Please check your input and try again.
                                     ^
ExpressionEvaluator.java:83: error: ';' expected
               04-15 12:34:56] [ERROR   ] Failed to evaluate expression 'a * (b - c) / d' due to unexpected token sequence or syntax error. Please check your input and try again.
                                                   ^
ExpressionEvaluator.java:83: error: unclosed character literal
               04-15 12:34:56] [ERROR   ] Failed to evaluate expression 'a * (b - c) / d' due to unexpected token sequence or syntax error. Please check your input and try again.
                                                                        ^
ExpressionEvaluator.java:83: error: not a statement
               04-15 12:34:56] [ERROR   ] Failed to evaluate expression 'a * (b - c) / d' due to unexpected token sequence or syntax error. Please check your input and try again.
                                                                                ^
ExpressionEvaluator.java:83: error: ';' expected
               04-15 12:34:56] [ERROR   ] Failed to evaluate expression 'a * (b - c) / d' due to unexpected token sequence or syntax error. Please check your input and try again.
                                                                                   ^
ExpressionEvaluator.java:83: error: unclosed character literal
               04-15 12:34:56] [ERROR   ] Failed to evaluate expression 'a * (b - c) / d' due to unexpected token sequence or syntax error. Please check your input and try again.
                                                                                        ^
ExpressionEvaluator.java:83: error: not a statement
               04-15 12:34:56] [ERROR   ] Failed to evaluate expression 'a * (b - c) / d' due to unexpected token sequence or syntax error. Please check your input and try again.
                                                                                       ^
ExpressionEvaluator.java:83: error: ';' expected
               04-15 12:34:56] [ERROR   ] Failed to evaluate expression 'a * (b - c) / d' due to unexpected token sequence or syntax error. Please check your input and try again.
                                                                                                ^
ExpressionEvaluator.java:83: error: ';' expected
               04-15 12:34:56] [ERROR   ] Failed to evaluate expression 'a * (b - c) / d' due to unexpected token sequence or syntax error. Please check your input and try again.
                                                                                                                 ^
ExpressionEvaluator.java:83: error: ';' expected
               04-15 12:34:56] [ERROR   ] Failed to evaluate expression 'a * (b - c) / d' due to unexpected token sequence or syntax error. Please check your input and try again.
                                                                                                                             ^
ExpressionEvaluator.java:83: error: ';' expected
               04-15 12:34:56] [ERROR   ] Failed to evaluate expression 'a * (b - c) / d' due to unexpected token sequence or syntax error. Please check your input and try again.
                                                                                                                                          ^
ExpressionEvaluator.java:83: error: ';' expected
               04-15 12:34:56] [ERROR   ] Failed to evaluate expression 'a * (b - c) / d' due to unexpected token sequence or syntax error. Please check your input and try again.
                                                                                                                                                        ^
ExpressionEvaluator.java:83: error: ';' expected
               04-15 12:34:56] [ERROR   ] Failed to evaluate expression 'a * (b - c) / d' due to unexpected token sequence or syntax error. Please check your input and try again.
                                                                                                                                                                   ^
ExpressionEvaluator.java:83: error: not a statement
               04-15 12:34:56] [ERROR   ] Failed to evaluate expression 'a * (b - c) / d' due to unexpected token sequence or syntax error. Please check your input and try again.
                                                                                                                                                                    ^
ExpressionEvaluator.java:83: error: ';' expected
               04-15 12:34:56] [ERROR   ] Failed to evaluate expression 'a * (b - c) / d' due to unexpected token sequence or syntax error. Please check your input and try again.
                                                                                                                                                                       ^
ExpressionEvaluator.java:83: error: '{' expected
               04-15 12:34:56] [ERROR   ] Failed to evaluate expression 'a * (b - c) / d' due to unexpected token sequence or syntax error. Please check your input and try again.
                                                                                                                                                                           ^
ExpressionEvaluator.java:83: error: <identifier> expected
               04-15 12:34:56] [ERROR   ] Failed to evaluate expression 'a * (b - c) / d' due to unexpected token sequence or syntax error. Please check your input and try again.
                                                                                                                                                                                  ^
ExpressionEvaluator.java:85: error: ']' expected
[04-15 12:34:57] [INFO    ] Expression evaluation complete with result: 6 for the test case "2 + 4 * (8 - 3) / 2".
      ^
ExpressionEvaluator.java:85: error: not a statement
[04-15 12:34:57] [INFO    ] Expression evaluation complete with result: 6 for the test case "2 + 4 * (8 - 3) / 2".
^
ExpressionEvaluator.java:85: error: not a statement
[04-15 12:34:57] [INFO    ] Expression evaluation complete with result: 6 for the test case "2 + 4 * (8 - 3) / 2".
                  ^
ExpressionEvaluator.java:85: error: ';' expected
[04-15 12:34:57] [INFO    ] Expression evaluation complete with result: 6 for the test case "2 + 4 * (8 - 3) / 2".
                      ^
ExpressionEvaluator.java:85: error: ';' expected
[04-15 12:34:57] [INFO    ] Expression evaluation complete with result: 6 for the test case "2 + 4 * (8 - 3) / 2".
                                                 ^
ExpressionEvaluator.java:85: error: ';' expected
[04-15 12:34:57] [INFO    ] Expression evaluation complete with result: 6 for the test case "2 + 4 * (8 - 3) / 2".
                                                               ^
ExpressionEvaluator.java:85: error: not a statement
[04-15 12:34:57] [INFO    ] Expression evaluation complete with result: 6 for the test case "2 + 4 * (8 - 3) / 2".
                                                                        ^
ExpressionEvaluator.java:85: error: ';' expected
[04-15 12:34:57] [INFO    ] Expression evaluation complete with result: 6 for the test case "2 + 4 * (8 - 3) / 2".
                                                                         ^
ExpressionEvaluator.java:85: error: '(' expected
[04-15 12:34:57] [INFO    ] Expression evaluation complete with result: 6 for the test case "2 + 4 * (8 - 3) / 2".
                                                                             ^
ExpressionEvaluator.java:85: error: ';' expected
[04-15 12:34:57] [INFO    ] Expression evaluation complete with result: 6 for the test case "2 + 4 * (8 - 3) / 2".
                                                                                      ^
ExpressionEvaluator.java:85: error: illegal start of expression
[04-15 12:34:57] [INFO    ] Expression evaluation complete with result: 6 for the test case "2 + 4 * (8 - 3) / 2".
                                                                                       ^
ExpressionEvaluator.java:85: error: reached end of file while parsing
[04-15 12:34:57] [INFO    ] Expression evaluation complete with result: 6 for the test case "2 + 4 * (8 - 3) / 2".
                                                                                                                  ^
ExpressionEvaluator.java:83: error: 'try' without 'catch', 'finally' or resource declarations
               04-15 12:34:56] [ERROR   ] Failed to evaluate expression 'a * (b - c) / d' due to unexpected token sequence or syntax error. Please check your input and try again.
                                                                                                                                                                        ^
33 errors
