expression_evaluator.ts(1,1): error TS1434: Unexpected keyword or identifier.
expression_evaluator.ts(1,73): error TS1002: Unterminated string literal.
expression_evaluator.ts(2,1): error TS1434: Unexpected keyword or identifier.
expression_evaluator.ts(2,40): error TS1002: Unterminated string literal.
expression_evaluator.ts(4,1): error TS1127: Invalid character.
expression_evaluator.ts(4,3): error TS1005: ';' expected.
expression_evaluator.ts(5,1): error TS1434: Unexpected keyword or identifier.
expression_evaluator.ts(5,3): error TS1434: Unexpected keyword or identifier.
expression_evaluator.ts(5,10): error TS1434: Unexpected keyword or identifier.
expression_evaluator.ts(5,14): error TS1434: Unexpected keyword or identifier.
expression_evaluator.ts(5,27): error TS1434: Unexpected keyword or identifier.
expression_evaluator.ts(5,36): error TS1109: Expression expected.
