expression_evaluator.c:1:14: error: expected ‘=’, ‘,’, ‘;’, ‘asm’ or ‘__attribute__’ before ‘:’ token
    1 | **Constraints:
      |              ^
expression_evaluator.c:3:19: warning: missing terminating ' character
    3 | You areas, can you'in
      |                   ^
expression_evaluator.c:3:19: error: missing terminating ' character
    3 | You areas, can you'in
      |                   ^~~
expression_evaluator.c:10:3: error: invalid preprocessing directive #Solution
   10 | # Solution Lineservoir Differences of the most important_sources/False
      |   ^~~~~~~~
expression_evaluator.c:12:3: error: invalid preprocessing directive #Instructorian
   12 | # Instructorian. Theories and your assistant name a)t; itterms
      |   ^~~~~~~~~~~~~
expression_evaluator.c:14:4: warning: missing terminating ' character
   14 | **I'de]",
      |    ^
expression_evaluator.c:14:4: error: missing terminating ' character
   14 | **I'de]",
      |    ^~~~~~
