expression_evaluator.c:1:2: error: invalid preprocessing directive #qs
    1 | #qs:
      |  ^~
expression_evaluator.c:3:1: error: unknown type name ‘Your’
    3 | Your task:
      | ^~~~
expression_evaluator.c:3:10: error: expected ‘=’, ‘,’, ‘;’, ‘asm’ or ‘__attribute__’ before ‘:’ token
    3 | Your task:
      |          ^
expression_evaluator.c:6:15: warning: missing terminating ' character
    6 |  You are there'ranmentaluefully"{
      |               ^
expression_evaluator.c:6:15: error: missing terminating ' character
    6 |  You are there'ranmentaluefully"{
      |               ^~~~~~~~~~~~~~~~~~~
