expression_evaluator.ts(1,1): error TS1434: Unexpected keyword or identifier.
expression_evaluator.ts(1,3): error TS1434: Unexpected keyword or identifier.
expression_evaluator.ts(1,9): error TS1434: Unexpected keyword or identifier.
expression_evaluator.ts(1,19): error TS1002: Unterminated string literal.
