expression_evaluator.c:1:1: error: stray ‘##’ in program
    1 | ### Q: [Your Name:**Instruction Fitness, I'instruction:
      | ^~
expression_evaluator.c:1:3: error: stray ‘#’ in program
    1 | ### Q: [Your Name:**Instruction Fitness, I'instruction:
      |   ^
expression_evaluator.c:1:6: error: expected ‘=’, ‘,’, ‘;’, ‘asm’ or ‘__attribute__’ before ‘:’ token
    1 | ### Q: [Your Name:**Instruction Fitness, I'instruction:
      |      ^
expression_evaluator.c:1:43: warning: missing terminating ' character
    1 | ### Q: [Your Name:**Instruction Fitness, I'instruction:
      |                                           ^
expression_evaluator.c:1:43: error: missing terminating ' character
    1 | ### Q: [Your Name:**Instruction Fitness, I'instruction:
      |                                           ^~~~~~~~~~~~~
expression_evaluator.c:5:23: error: unknown type name ‘your’
    5 | I want to answer a)t; your response as ants and theta-Japan/mighty_json
      |                       ^~~~
expression_evaluator.c:5:37: error: expected ‘=’, ‘,’, ‘;’, ‘asm’ or ‘__attribute__’ before ‘as’
    5 | I want to answer a)t; your response as ants and theta-Japan/mighty_json
      |                                     ^~
expression_evaluator.c:5:37: error: unknown type name ‘as’
expression_evaluator.c:7:168: warning: missing terminating ' character
    7 | You areasdynamics of allergies in Python programming. The following documentary/s office. In this instruction: "The Hinduism"Your roleplayers, I amusementland to ateer'deans your ownershop theater-
      |                                                                                                                                                                        ^
expression_evaluator.c:7:168: error: missing terminating ' character
    7 | You areasdynamics of allergies in Python programming. The following documentary/s office. In this instruction: "The Hinduism"Your roleplayers, I amusementland to ateer'deans your ownershop theater-
      |                                                                                                                                                                        ^~~~~~~~~~~~~~~~~~~~~~~~~~~~~~
expression_evaluator.c:9:3: error: invalid preprocessing directive #Instruction
    9 | # Instruction:
      |   ^~~~~~~~~~~
expression_evaluator.c:13:59: error: empty character constant
   13 | A recentering of allergies in Python codepedia_Youngtonian''
      |                                                           ^~
