expression_evaluator.c:1:14: error: expected ‘=’, ‘,’, ‘;’, ‘asm’ or ‘__attribute__’ before ‘:’ token
    1 | **Constraints:
      |              ^
expression_evaluator.c:6:3: error: invalid preprocessing directive #Solution
    6 | # Solution:
      |   ^~~~~~~~
