expression_evaluator.c:1:3: error: invalid preprocessing directive #Instruction
    1 | # Instruction:
      |   ^~~~~~~~~~~
expression_evaluator.c:2:1: error: unknown type name ‘You’
    2 | You respond withdrawmentalistically significant, you are thereofthese question. The user'in"I am I apologize a)
      | ^~~
expression_evaluator.c:2:13: error: expected ‘=’, ‘,’, ‘;’, ‘asm’ or ‘__attribute__’ before ‘withdrawmentalistically’
    2 | You respond withdrawmentalistically significant, you are thereofthese question. The user'in"I am I apologize a)
      |             ^~~~~~~~~~~~~~~~~~~~~~~
expression_evaluator.c:2:13: error: unknown type name ‘withdrawmentalistically’
expression_evaluator.c:2:89: warning: missing terminating ' character
    2 | You respond withdrawmentalistically significant, you are thereofthese question. The user'in"I am I apologize a)
      |                                                                                         ^
expression_evaluator.c:2:89: error: missing terminating ' character
    2 | You respond withdrawmentalistically significant, you are thereofthese question. The user'in"I am I apologize a)
      |                                                                                         ^~~~~~~~~~~~~~~~~~~~~~~
