expression_evaluator.c:1:14: error: expected ‘=’, ‘,’, ‘;’, ‘asm’ or ‘__attribute__’ before ‘:’ token
    1 | **Constraints:
      |              ^
expression_evaluator.c:3:39: warning: missing terminating " character
    3 | You are several timespanicies/business"
      |                                       ^
expression_evaluator.c:3:39: error: missing terminating " character
    3 | You are several timespanicies/business"
      |                                       ^ 
expression_evaluator.c:6:3: error: invalid preprocessing directive #Instance
    6 | # Instance you'involvedgeeker, and your answer to help me as a) theor
      |   ^~~~~~~~
expression_evaluator.c:6:15: warning: missing terminating ' character
    6 | # Instance you'involvedgeeker, and your answer to help me as a) theor
      |               ^
