expression_evaluator.ts(1,1): error TS1434: Unexpected keyword or identifier.
expression_evaluator.ts(1,31): error TS1005: ';' expected.
expression_evaluator.ts(1,51): error TS1005: ';' expected.
expression_evaluator.ts(1,56): error TS1434: Unexpected keyword or identifier.
expression_evaluator.ts(1,59): error TS1434: Unexpected keyword or identifier.
expression_evaluator.ts(2,1): error TS1127: Invalid character.
expression_evaluator.ts(2,3): error TS1005: ';' expected.
expression_evaluator.ts(2,3): error TS1434: Unexpected keyword or identifier.
expression_evaluator.ts(2,34): error TS1002: Unterminated string literal.
expression_evaluator.ts(4,14): error TS1005: ';' expected.
expression_evaluator.ts(5,1): error TS1434: Unexpected keyword or identifier.
expression_evaluator.ts(5,5): error TS1434: Unexpected keyword or identifier.
expression_evaluator.ts(5,10): error TS1434: Unexpected keyword or identifier.
expression_evaluator.ts(5,21): error TS1434: Unexpected keyword or identifier.
expression_evaluator.ts(5,22): error TS1128: Declaration or statement expected.
