expression_evaluator.c:1:14: error: expected ‘=’, ‘,’, ‘;’, ‘asm’ or ‘__attribute__’ before ‘:’ token
    1 | **Constraints:
      |              ^
expression_evaluator.c:3:3: error: invalid preprocessing directive #Instance
    3 | # Instance you are there'de]
      |   ^~~~~~~~
expression_evaluator.c:3:25: warning: missing terminating ' character
    3 | # Instance you are there'de]
      |                         ^
