expression_evaluator.ts(1,1): error TS1434: Unexpected keyword or identifier.
expression_evaluator.ts(1,3): error TS1434: Unexpected keyword or identifier.
expression_evaluator.ts(4,1): error TS1003: Identifier expected.
expression_evaluator.ts(5,1): error TS1434: Unexpected keyword or identifier.
expression_evaluator.ts(5,5): error TS1434: Unexpected keyword or identifier.
expression_evaluator.ts(7,2): error TS1002: Unterminated string literal.
expression_evaluator.ts(10,1): error TS1127: Invalid character.
expression_evaluator.ts(10,3): error TS1005: ';' expected.
expression_evaluator.ts(10,10): error TS1109: Expression expected.
expression_evaluator.ts(13,6): error TS1005: ',' expected.
expression_evaluator.ts(13,7): error TS1005: ',' expected.
expression_evaluator.ts(13,12): error TS1005: ',' expected.
expression_evaluator.ts(13,19): error TS1005: ',' expected.
expression_evaluator.ts(13,28): error TS1005: ',' expected.
expression_evaluator.ts(13,161): error TS1002: Unterminated string literal.
expression_evaluator.ts(15,5): error TS1005: ',' expected.
expression_evaluator.ts(17,1): error TS1127: Invalid character.
expression_evaluator.ts(17,2): error TS1127: Invalid character.
expression_evaluator.ts(17,3): error TS1005: ']' expected.
