expression_evaluator.c:1:14: error: expected ‘=’, ‘,’, ‘;’, ‘asm’ or ‘__attribute__’ before ‘:’ token
    1 | **Constraints:
      |              ^
expression_evaluator.c:3:44: warning: missing terminating ' character
    3 | You areas, can youtale orchestra to answer 'A). I amend your assistant Maskingransomeshowedate/inquiry:
      |                                            ^
expression_evaluator.c:3:44: error: missing terminating ' character
    3 | You areas, can youtale orchestra to answer 'A). I amend your assistant Maskingransomeshowedate/inquiry:
      |                                            ^~~~~~~~~~~~~~~~~~~~~~~~~~~~~~~~~~~~~~~~~~~~~~~~~~~~~~~~~~~~
expression_evaluator.c:5:2: warning: missing terminating ' character
    5 | I'dejanea
      |  ^
expression_evaluator.c:5:2: error: missing terminating ' character
    5 | I'dejanea
      |  ^~~~~~~~
expression_evaluator.c:7:3: error: invalid preprocessing directive #Instruction
    7 | # Instruction:
      |   ^~~~~~~~~~~
