expression_evaluator.ts(1,1): error TS1434: Unexpected keyword or identifier.
expression_evaluator.ts(1,29): error TS1002: Unterminated string literal.
expression_evaluator.ts(3,11): error TS1005: ';' expected.
expression_evaluator.ts(3,23): error TS1109: Expression expected.
